<?xml version="1.0" encoding="UTF-8"?>
<!-- Generated by org.testng.reporters.JUnitXMLReporter -->
<testsuite ignored="1" hostname="LAPTOP-5IJEV2I7" failures="0" tests="2" name="Test" time="0.061" errors="0" timestamp="2023-08-28T22:04:33 IST">
  <testcase classname="groups_testng.Group1" name="test1" time="0.007"/>
  <testcase classname="groups_testng.Group1" name="test2" time="0.002"/>
  <testcase classname="groups_testng.Group1" name="test3" time="0.0">
    <ignored/>
  </testcase> <!-- test3 -->
</testsuite> <!-- Test -->
